<?xml version="1.0" encoding="UTF-8"?>
<!-- Generated by org.testng.reporters.JUnitReportReporter -->
<testsuite hostname="DESKTOP-4TSAB67" failures="0" tests="1" name="com.javaautomation.testcases.OrderPageTest" time="18.333" errors="0" timestamp="2022-10-11T18:12:18 EEST" skipped="0">
  <testcase classname="com.javaautomation.testcases.OrderPageTest" name="verifyTotalPriceTest" time="18.333"/>
  <system-out/>
</testsuite> <!-- com.javaautomation.testcases.OrderPageTest -->
