<?xml version="1.0" encoding="UTF-8"?>
<!-- Generated by org.testng.reporters.JUnitReportReporter -->
<testsuite hostname="DESKTOP-4TSAB67" failures="0" tests="2" name="com.javaautomation.testcases.MainPageTest" time="16.461" errors="0" timestamp="2022-09-30T14:53:48 EEST" skipped="0">
  <testcase classname="com.javaautomation.testcases.MainPageTest" name="verifyTitleTest" time="9.287"/>
  <system-out/>
  <testcase classname="com.javaautomation.testcases.MainPageTest" name="verifyLogoTest" time="7.174"/>
  <system-out/>
</testsuite> <!-- com.javaautomation.testcases.MainPageTest -->
