<?xml version="1.0" encoding="UTF-8"?>
<!-- Generated by org.testng.reporters.JUnitReportReporter -->
<testsuite hostname="DESKTOP-4TSAB67" failures="0" tests="1" name="com.javaautomation.testcases.BuyProductTest" time="31.344" errors="0" timestamp="2022-09-30T14:53:48 EEST" skipped="0">
  <testcase classname="com.javaautomation.testcases.BuyProductTest" name="endToEndBuyProductTest" time="31.344"/>
  <system-out/>
</testsuite> <!-- com.javaautomation.testcases.BuyProductTest -->
