<?xml version="1.0" encoding="UTF-8"?>
<!-- Generated by org.testng.reporters.JUnitReportReporter -->
<testsuite hostname="DESKTOP-4TSAB67" failures="0" tests="2" name="com.javaautomation.testcases.MainPageTest" time="19.760" errors="0" timestamp="2022-10-12T17:29:29 EEST" skipped="0">
  <testcase classname="com.javaautomation.testcases.MainPageTest" name="verifyLogoTest" time="13.436"/>
  <system-out/>
  <testcase classname="com.javaautomation.testcases.MainPageTest" name="verifyTitleTest" time="6.324"/>
  <system-out/>
</testsuite> <!-- com.javaautomation.testcases.MainPageTest -->
