<?xml version="1.0" encoding="UTF-8"?>
<!-- Generated by org.testng.reporters.JUnitReportReporter -->
<testsuite hostname="DESKTOP-4TSAB67" failures="0" tests="2" name="com.javaautomation.testcases.MyAccountPageTest" time="22.429" errors="0" timestamp="2022-10-12T17:29:29 EEST" skipped="0">
  <testcase classname="com.javaautomation.testcases.MyAccountPageTest" name="orderHistoryDetailsTest" time="11.557"/>
  <system-out/>
  <testcase classname="com.javaautomation.testcases.MyAccountPageTest" name="myVishlistTest" time="10.872"/>
  <system-out/>
</testsuite> <!-- com.javaautomation.testcases.MyAccountPageTest -->
