<?xml version="1.0" encoding="UTF-8"?>
<!-- Generated by org.testng.reporters.JUnitReportReporter -->
<testsuite hostname="DESKTOP-4TSAB67" failures="0" tests="1" name="com.javaautomation.testcases.SearchResultPageTest" time="7.803" errors="0" timestamp="2022-09-30T14:53:48 EEST" skipped="0">
  <testcase classname="com.javaautomation.testcases.SearchResultPageTest" name="varifySearchProductTest" time="7.803"/>
  <system-out/>
</testsuite> <!-- com.javaautomation.testcases.SearchResultPageTest -->
