<?xml version="1.0" encoding="UTF-8"?>
<!-- Generated by org.testng.reporters.JUnitReportReporter -->
<testsuite hostname="DESKTOP-4TSAB67" failures="0" tests="2" name="com.javaautomation.testcases.MyAccountPageTest" time="34.169" errors="0" timestamp="2022-09-30T14:53:48 EEST" skipped="0">
  <testcase classname="com.javaautomation.testcases.MyAccountPageTest" name="myVishlistTest" time="17.904"/>
  <system-out/>
  <testcase classname="com.javaautomation.testcases.MyAccountPageTest" name="orderHistoryDetailsTest" time="16.265"/>
  <system-out/>
</testsuite> <!-- com.javaautomation.testcases.MyAccountPageTest -->
