<?xml version="1.0" encoding="UTF-8"?>
<!-- Generated by org.testng.reporters.JUnitReportReporter -->
<testsuite hostname="DESKTOP-4TSAB67" failures="0" tests="1" name="com.javaautomation.testcases.ProductPageTest" time="14.706" errors="0" timestamp="2022-10-12T17:29:29 EEST" skipped="0">
  <testcase classname="com.javaautomation.testcases.ProductPageTest" name="addToCartTest" time="14.706"/>
  <system-out/>
</testsuite> <!-- com.javaautomation.testcases.ProductPageTest -->
